<?xml version="1.0" encoding="UTF-8"?>
<!-- Generated by org.testng.reporters.JUnitReportReporter -->
<testsuite hostname="DESKTOP-T9GRIS5" failures="0" tests="3" name="airportTDD.flightBookingTDD.tests.SearchFlightTest1" time="117.473" errors="0" timestamp="2025-02-24T17:34:02 IST" skipped="0">
  <testcase classname="airportTDD.flightBookingTDD.tests.SearchFlightTest1" name="searchWithoneWay" time="34.786"/>
  <system-out/>
  <testcase classname="airportTDD.flightBookingTDD.tests.SearchFlightTest1" name="searchWithroundTrip" time="40.123"/>
  <system-out/>
  <testcase classname="airportTDD.flightBookingTDD.tests.SearchFlightTest1" name="searchWithMulticity" time="42.564"/>
  <system-out/>
</testsuite> <!-- airportTDD.flightBookingTDD.tests.SearchFlightTest1 -->
