<?xml version="1.0" encoding="UTF-8"?>
<!-- Generated by org.testng.reporters.JUnitReportReporter -->
<testsuite hostname="DESKTOP-T9GRIS5" failures="0" tests="3" name="airportTDD.flightBookingTDD.tests.SearchFlightTest1" time="129.671" errors="0" timestamp="2025-02-27T18:12:22 IST" skipped="0">
  <testcase classname="airportTDD.flightBookingTDD.tests.SearchFlightTest1" name="searchWithMulticity" time="47.851"/>
  <system-out/>
  <testcase classname="airportTDD.flightBookingTDD.tests.SearchFlightTest1" name="searchWithoneWay" time="37.593"/>
  <system-out/>
  <testcase classname="airportTDD.flightBookingTDD.tests.SearchFlightTest1" name="searchWithroundTrip" time="44.227"/>
  <system-out/>
</testsuite> <!-- airportTDD.flightBookingTDD.tests.SearchFlightTest1 -->
