<?xml version="1.0" encoding="UTF-8"?>
<!-- Generated by org.testng.reporters.JUnitReportReporter -->
<testsuite hostname="DESKTOP-T9GRIS5" failures="0" tests="3" name="airportTDD.flightBookingTDD.tests.SearchFlightTest1" time="121.911" errors="0" timestamp="2025-02-28T14:01:25 IST" skipped="0">
  <testcase classname="airportTDD.flightBookingTDD.tests.SearchFlightTest1" name="searchWithMulticity" time="43.177"/>
  <system-out/>
  <testcase classname="airportTDD.flightBookingTDD.tests.SearchFlightTest1" name="searchWithoneWay" time="34.626"/>
  <system-out/>
  <testcase classname="airportTDD.flightBookingTDD.tests.SearchFlightTest1" name="searchWithroundTrip" time="44.108"/>
  <system-out/>
</testsuite> <!-- airportTDD.flightBookingTDD.tests.SearchFlightTest1 -->
