<?xml version="1.0" encoding="UTF-8"?>
<!-- Generated by org.testng.reporters.JUnitReportReporter -->
<testsuite hostname="DESKTOP-T9GRIS5" failures="0" tests="3" name="airportTDD.flightBookingTDD.tests.SearchFlightTest1" time="183.487" errors="0" timestamp="2025-02-23T15:02:17 IST" skipped="0">
  <testcase classname="airportTDD.flightBookingTDD.tests.SearchFlightTest1" name="searchWithMulticity" time="46.367"/>
  <system-out/>
  <testcase classname="airportTDD.flightBookingTDD.tests.SearchFlightTest1" name="searchWithroundTrip" time="55.317"/>
  <system-out/>
  <testcase classname="airportTDD.flightBookingTDD.tests.SearchFlightTest1" name="searchWithoneWay" time="81.803"/>
  <system-out/>
</testsuite> <!-- airportTDD.flightBookingTDD.tests.SearchFlightTest1 -->
