<?xml version="1.0" encoding="UTF-8"?>
<!-- Generated by org.testng.reporters.JUnitReportReporter -->
<testsuite hostname="DESKTOP-T9GRIS5" failures="0" tests="1" name="airportTDD.flightBookingTDD.tests.BottomSectionTest" time="16.176" errors="0" timestamp="2025-02-28T14:01:25 IST" skipped="0">
  <testcase classname="airportTDD.flightBookingTDD.tests.BottomSectionTest" name="User_selects_more_than_9_Passanger" time="16.176"/>
  <system-out/>
</testsuite> <!-- airportTDD.flightBookingTDD.tests.BottomSectionTest -->
